Mensaje I / 00:00:00:000 / Root(00) para top(01)
Mensaje I / 00:00:00:000 / top(01) para jour(02)
Mensaje I / 00:00:00:000 / top(01) para office(05)
Mensaje I / 00:00:00:000 / top(01) para pr(09)
Mensaje I / 00:00:00:000 / jour(02) para p_j(03)
Mensaje I / 00:00:00:000 / jour(02) para t_j(04)
Mensaje I / 00:00:00:000 / office(05) para ed(06)
Mensaje I / 00:00:00:000 / office(05) para mk(07)
Mensaje I / 00:00:00:000 / office(05) para ch(08)
Mensaje D / 00:00:00:000 / pr(09) / ... para top(01)
Mensaje D / 00:00:00:000 / p_j(03) / ... para jour(02)
Mensaje D / 00:00:00:000 / t_j(04) / ... para jour(02)
Mensaje D / 00:00:00:000 / ed(06) / ... para office(05)
Mensaje D / 00:00:00:000 / mk(07) / ... para office(05)
Mensaje D / 00:00:00:000 / ch(08) / ... para office(05)
Mensaje D / 00:00:00:000 / jour(02) / ... para top(01)
Mensaje D / 00:00:00:000 / office(05) / ... para top(01)
Mensaje D / 00:00:00:000 / top(01) / ... para Root(00)
Mensaje X / 00:00:10:000 / Root(00) / in /      1.00000 para top(01)
Mensaje X / 00:00:10:000 / top(01) / in /      1.00000 para jour(02)
Mensaje X / 00:00:10:000 / jour(02) / in /      1.00000 para p_j(03)
Mensaje X / 00:00:10:000 / jour(02) / in /      1.00000 para t_j(04)
Mensaje D / 00:00:10:000 / p_j(03) / 00:00:06:987 para jour(02)
Mensaje D / 00:00:10:000 / t_j(04) / 00:00:05:796 para jour(02)
Mensaje D / 00:00:10:000 / jour(02) / 00:00:05:796 para top(01)
Mensaje D / 00:00:10:000 / top(01) / 00:00:05:796 para Root(00)
Mensaje * / 00:00:15:796 / Root(00) para top(01)
Mensaje * / 00:00:15:796 / top(01) para jour(02)
Mensaje * / 00:00:15:796 / jour(02) para t_j(04)
Mensaje Y / 00:00:15:796 / t_j(04) / out /      1.00000 para jour(02)
Mensaje D / 00:00:15:796 / t_j(04) / ... para jour(02)
Mensaje Y / 00:00:15:796 / jour(02) / out /      1.00000 para top(01)
Mensaje D / 00:00:15:796 / jour(02) / 00:00:01:191 para top(01)
Mensaje X / 00:00:15:796 / top(01) / in /      1.00000 para office(05)
Mensaje X / 00:00:15:796 / office(05) / in /      1.00000 para ed(06)
Mensaje D / 00:00:15:796 / ed(06) / 00:00:05:000 para office(05)
Mensaje D / 00:00:15:796 / office(05) / 00:00:05:000 para top(01)
Mensaje D / 00:00:15:796 / top(01) / 00:00:01:191 para Root(00)
Mensaje * / 00:00:16:987 / Root(00) para top(01)
Mensaje * / 00:00:16:987 / top(01) para jour(02)
Mensaje * / 00:00:16:987 / jour(02) para p_j(03)
Mensaje Y / 00:00:16:987 / p_j(03) / out /      1.00000 para jour(02)
Mensaje D / 00:00:16:987 / p_j(03) / ... para jour(02)
Mensaje Y / 00:00:16:987 / jour(02) / out /      1.00000 para top(01)
Mensaje D / 00:00:16:987 / jour(02) / ... para top(01)
Mensaje X / 00:00:16:987 / top(01) / in /      1.00000 para office(05)
Mensaje X / 00:00:16:987 / office(05) / in /      1.00000 para ed(06)
Mensaje D / 00:00:16:987 / ed(06) / 00:00:03:809 para office(05)
Mensaje D / 00:00:16:987 / office(05) / 00:00:03:809 para top(01)
Mensaje D / 00:00:16:987 / top(01) / 00:00:03:809 para Root(00)
Mensaje * / 00:00:20:796 / Root(00) para top(01)
Mensaje * / 00:00:20:796 / top(01) para office(05)
Mensaje * / 00:00:20:796 / office(05) para ed(06)
Mensaje Y / 00:00:20:796 / ed(06) / out /      1.00000 para office(05)
Mensaje D / 00:00:20:796 / ed(06) / ... para office(05)
Mensaje X / 00:00:20:796 / office(05) / in /      1.00000 para mk(07)
Mensaje D / 00:00:20:796 / mk(07) / 00:00:05:957 para office(05)
Mensaje D / 00:00:20:796 / office(05) / 00:00:05:957 para top(01)
Mensaje D / 00:00:20:796 / top(01) / 00:00:05:957 para Root(00)
Mensaje * / 00:00:26:753 / Root(00) para top(01)
Mensaje * / 00:00:26:753 / top(01) para office(05)
Mensaje * / 00:00:26:753 / office(05) para mk(07)
Mensaje Y / 00:00:26:753 / mk(07) / out /      1.00000 para office(05)
Mensaje D / 00:00:26:753 / mk(07) / ... para office(05)
Mensaje X / 00:00:26:753 / office(05) / in /      1.00000 para ch(08)
Mensaje D / 00:00:26:753 / ch(08) / 00:00:07:035 para office(05)
Mensaje D / 00:00:26:753 / office(05) / 00:00:07:035 para top(01)
Mensaje D / 00:00:26:753 / top(01) / 00:00:07:035 para Root(00)
Mensaje * / 00:00:33:788 / Root(00) para top(01)
Mensaje * / 00:00:33:788 / top(01) para office(05)
Mensaje * / 00:00:33:788 / office(05) para ch(08)
Mensaje Y / 00:00:33:788 / ch(08) / out /      1.00000 para office(05)
Mensaje D / 00:00:33:788 / ch(08) / ... para office(05)
Mensaje Y / 00:00:33:788 / office(05) / out /      1.00000 para top(01)
Mensaje X / 00:00:33:788 / office(05) / done /      1.00000 para ed(06)
Mensaje X / 00:00:33:788 / top(01) / in /      1.00000 para pr(09)
Mensaje D / 00:00:33:788 / ed(06) / 00:00:05:000 para office(05)
Mensaje D / 00:00:33:788 / pr(09) / 00:00:05:000 para top(01)
Mensaje D / 00:00:33:788 / office(05) / 00:00:05:000 para top(01)
Mensaje D / 00:00:33:788 / top(01) / 00:00:05:000 para Root(00)
Mensaje * / 00:00:38:788 / Root(00) para top(01)
Mensaje * / 00:00:38:788 / top(01) para office(05)
Mensaje * / 00:00:38:788 / office(05) para ed(06)
Mensaje Y / 00:00:38:788 / ed(06) / out /      1.00000 para office(05)
Mensaje D / 00:00:38:788 / ed(06) / ... para office(05)
Mensaje X / 00:00:38:788 / office(05) / in /      1.00000 para mk(07)
Mensaje D / 00:00:38:788 / mk(07) / 00:00:06:182 para office(05)
Mensaje D / 00:00:38:788 / office(05) / 00:00:06:182 para top(01)
Mensaje D / 00:00:38:788 / top(01) / 00:00:00:000 para Root(00)
Mensaje * / 00:00:38:788 / Root(00) para top(01)
Mensaje * / 00:00:38:788 / top(01) para pr(09)
Mensaje Y / 00:00:38:788 / pr(09) / out /      2.00000 para top(01)
Mensaje D / 00:00:38:788 / pr(09) / ... para top(01)
Mensaje Y / 00:00:38:788 / top(01) / out /      2.00000 para Root(00)
Mensaje D / 00:00:38:788 / top(01) / 00:00:06:182 para Root(00)
Mensaje * / 00:00:44:970 / Root(00) para top(01)
Mensaje * / 00:00:44:970 / top(01) para office(05)
Mensaje * / 00:00:44:970 / office(05) para mk(07)
Mensaje Y / 00:00:44:970 / mk(07) / out /      1.00000 para office(05)
Mensaje D / 00:00:44:970 / mk(07) / ... para office(05)
Mensaje X / 00:00:44:970 / office(05) / in /      1.00000 para ch(08)
Mensaje D / 00:00:44:970 / ch(08) / 00:00:07:160 para office(05)
Mensaje D / 00:00:44:970 / office(05) / 00:00:07:160 para top(01)
Mensaje D / 00:00:44:970 / top(01) / 00:00:07:160 para Root(00)
Mensaje X / 00:00:46:010 / Root(00) / in /      2.00000 para top(01)
Mensaje X / 00:00:46:010 / top(01) / in /      2.00000 para jour(02)
Mensaje X / 00:00:46:010 / jour(02) / in /      2.00000 para p_j(03)
Mensaje X / 00:00:46:010 / jour(02) / in /      2.00000 para t_j(04)
Mensaje D / 00:00:46:010 / p_j(03) / 00:00:07:849 para jour(02)
Mensaje D / 00:00:46:010 / t_j(04) / 00:00:07:655 para jour(02)
Mensaje D / 00:00:46:010 / jour(02) / 00:00:07:655 para top(01)
Mensaje D / 00:00:46:010 / top(01) / 00:00:06:120 para Root(00)
Mensaje * / 00:00:52:130 / Root(00) para top(01)
Mensaje * / 00:00:52:130 / top(01) para office(05)
Mensaje * / 00:00:52:130 / office(05) para ch(08)
Mensaje Y / 00:00:52:130 / ch(08) / out /      1.00000 para office(05)
Mensaje D / 00:00:52:130 / ch(08) / ... para office(05)
Mensaje Y / 00:00:52:130 / office(05) / out /      1.00000 para top(01)
Mensaje X / 00:00:52:130 / office(05) / done /      1.00000 para ed(06)
Mensaje X / 00:00:52:130 / top(01) / in /      1.00000 para pr(09)
Mensaje D / 00:00:52:130 / ed(06) / ... para office(05)
Mensaje D / 00:00:52:130 / pr(09) / 00:00:05:000 para top(01)
Mensaje D / 00:00:52:130 / office(05) / ... para top(01)
Mensaje D / 00:00:52:130 / top(01) / 00:00:01:535 para Root(00)
Mensaje * / 00:00:53:665 / Root(00) para top(01)
Mensaje * / 00:00:53:665 / top(01) para jour(02)
Mensaje * / 00:00:53:665 / jour(02) para t_j(04)
Mensaje Y / 00:00:53:665 / t_j(04) / out /      2.00000 para jour(02)
Mensaje D / 00:00:53:665 / t_j(04) / ... para jour(02)
Mensaje Y / 00:00:53:665 / jour(02) / out /      2.00000 para top(01)
Mensaje D / 00:00:53:665 / jour(02) / 00:00:00:194 para top(01)
Mensaje X / 00:00:53:665 / top(01) / in /      2.00000 para office(05)
Mensaje X / 00:00:53:665 / office(05) / in /      2.00000 para ed(06)
Mensaje D / 00:00:53:665 / ed(06) / 00:00:05:000 para office(05)
Mensaje D / 00:00:53:665 / office(05) / 00:00:05:000 para top(01)
Mensaje D / 00:00:53:665 / top(01) / 00:00:00:194 para Root(00)
Mensaje * / 00:00:53:859 / Root(00) para top(01)
Mensaje * / 00:00:53:859 / top(01) para jour(02)
Mensaje * / 00:00:53:859 / jour(02) para p_j(03)
Mensaje Y / 00:00:53:859 / p_j(03) / out /      2.00000 para jour(02)
Mensaje D / 00:00:53:859 / p_j(03) / ... para jour(02)
Mensaje Y / 00:00:53:859 / jour(02) / out /      2.00000 para top(01)
Mensaje D / 00:00:53:859 / jour(02) / ... para top(01)
Mensaje X / 00:00:53:859 / top(01) / in /      2.00000 para office(05)
Mensaje X / 00:00:53:859 / office(05) / in /      2.00000 para ed(06)
Mensaje D / 00:00:53:859 / ed(06) / 00:00:04:806 para office(05)
Mensaje D / 00:00:53:859 / office(05) / 00:00:04:806 para top(01)
Mensaje D / 00:00:53:859 / top(01) / 00:00:03:271 para Root(00)
Mensaje * / 00:00:57:130 / Root(00) para top(01)
Mensaje * / 00:00:57:130 / top(01) para pr(09)
Mensaje Y / 00:00:57:130 / pr(09) / out /      2.00000 para top(01)
Mensaje D / 00:00:57:130 / pr(09) / ... para top(01)
Mensaje Y / 00:00:57:130 / top(01) / out /      2.00000 para Root(00)
Mensaje D / 00:00:57:130 / top(01) / 00:00:01:535 para Root(00)
Mensaje * / 00:00:58:665 / Root(00) para top(01)
Mensaje * / 00:00:58:665 / top(01) para office(05)
Mensaje * / 00:00:58:665 / office(05) para ed(06)
Mensaje Y / 00:00:58:665 / ed(06) / out /      2.00000 para office(05)
Mensaje D / 00:00:58:665 / ed(06) / ... para office(05)
Mensaje X / 00:00:58:665 / office(05) / in /      2.00000 para mk(07)
Mensaje D / 00:00:58:665 / mk(07) / 00:00:07:446 para office(05)
Mensaje D / 00:00:58:665 / office(05) / 00:00:07:446 para top(01)
Mensaje D / 00:00:58:665 / top(01) / 00:00:07:446 para Root(00)
Mensaje * / 00:01:06:111 / Root(00) para top(01)
Mensaje * / 00:01:06:111 / top(01) para office(05)
Mensaje * / 00:01:06:111 / office(05) para mk(07)
Mensaje Y / 00:01:06:111 / mk(07) / out /      2.00000 para office(05)
Mensaje D / 00:01:06:111 / mk(07) / ... para office(05)
Mensaje X / 00:01:06:111 / office(05) / in /      2.00000 para ch(08)
Mensaje D / 00:01:06:111 / ch(08) / 00:00:06:830 para office(05)
Mensaje D / 00:01:06:111 / office(05) / 00:00:06:830 para top(01)
Mensaje D / 00:01:06:111 / top(01) / 00:00:06:830 para Root(00)
Mensaje * / 00:01:12:941 / Root(00) para top(01)
Mensaje * / 00:01:12:941 / top(01) para office(05)
Mensaje * / 00:01:12:941 / office(05) para ch(08)
Mensaje Y / 00:01:12:941 / ch(08) / out /      2.00000 para office(05)
Mensaje D / 00:01:12:941 / ch(08) / ... para office(05)
Mensaje Y / 00:01:12:941 / office(05) / out /      2.00000 para top(01)
Mensaje X / 00:01:12:941 / office(05) / done /      2.00000 para ed(06)
Mensaje X / 00:01:12:941 / top(01) / in /      2.00000 para pr(09)
Mensaje D / 00:01:12:941 / ed(06) / 00:00:05:000 para office(05)
Mensaje D / 00:01:12:941 / pr(09) / 00:00:05:000 para top(01)
Mensaje D / 00:01:12:941 / office(05) / 00:00:05:000 para top(01)
Mensaje D / 00:01:12:941 / top(01) / 00:00:05:000 para Root(00)
Mensaje * / 00:01:17:941 / Root(00) para top(01)
Mensaje * / 00:01:17:941 / top(01) para office(05)
Mensaje * / 00:01:17:941 / office(05) para ed(06)
Mensaje Y / 00:01:17:941 / ed(06) / out /      2.00000 para office(05)
Mensaje D / 00:01:17:941 / ed(06) / ... para office(05)
Mensaje X / 00:01:17:941 / office(05) / in /      2.00000 para mk(07)
Mensaje D / 00:01:17:941 / mk(07) / 00:00:06:400 para office(05)
Mensaje D / 00:01:17:941 / office(05) / 00:00:06:400 para top(01)
Mensaje D / 00:01:17:941 / top(01) / 00:00:00:000 para Root(00)
Mensaje * / 00:01:17:941 / Root(00) para top(01)
Mensaje * / 00:01:17:941 / top(01) para pr(09)
Mensaje Y / 00:01:17:941 / pr(09) / out /      3.00000 para top(01)
Mensaje D / 00:01:17:941 / pr(09) / ... para top(01)
Mensaje Y / 00:01:17:941 / top(01) / out /      3.00000 para Root(00)
Mensaje D / 00:01:17:941 / top(01) / 00:00:06:400 para Root(00)
Mensaje X / 00:01:22:000 / Root(00) / in /      3.00000 para top(01)
Mensaje X / 00:01:22:000 / top(01) / in /      3.00000 para jour(02)
Mensaje X / 00:01:22:000 / jour(02) / in /      3.00000 para p_j(03)
Mensaje X / 00:01:22:000 / jour(02) / in /      3.00000 para t_j(04)
Mensaje D / 00:01:22:000 / p_j(03) / 00:00:07:687 para jour(02)
Mensaje D / 00:01:22:000 / t_j(04) / 00:00:05:055 para jour(02)
Mensaje D / 00:01:22:000 / jour(02) / 00:00:05:055 para top(01)
Mensaje D / 00:01:22:000 / top(01) / 00:00:02:341 para Root(00)
Mensaje * / 00:01:24:341 / Root(00) para top(01)
Mensaje * / 00:01:24:341 / top(01) para office(05)
Mensaje * / 00:01:24:341 / office(05) para mk(07)
Mensaje Y / 00:01:24:341 / mk(07) / out /      2.00000 para office(05)
Mensaje D / 00:01:24:341 / mk(07) / ... para office(05)
Mensaje X / 00:01:24:341 / office(05) / in /      2.00000 para ch(08)
Mensaje D / 00:01:24:341 / ch(08) / 00:00:07:678 para office(05)
Mensaje D / 00:01:24:341 / office(05) / 00:00:07:678 para top(01)
Mensaje D / 00:01:24:341 / top(01) / 00:00:02:714 para Root(00)
Mensaje * / 00:01:27:055 / Root(00) para top(01)
Mensaje * / 00:01:27:055 / top(01) para jour(02)
Mensaje * / 00:01:27:055 / jour(02) para t_j(04)
Mensaje Y / 00:01:27:055 / t_j(04) / out /      3.00000 para jour(02)
Mensaje D / 00:01:27:055 / t_j(04) / ... para jour(02)
Mensaje Y / 00:01:27:055 / jour(02) / out /      3.00000 para top(01)
Mensaje D / 00:01:27:055 / jour(02) / 00:00:02:632 para top(01)
Mensaje X / 00:01:27:055 / top(01) / in /      3.00000 para office(05)
Mensaje X / 00:01:27:055 / office(05) / in /      3.00000 para ed(06)
Mensaje D / 00:01:27:055 / ed(06) / ... para office(05)
Mensaje D / 00:01:27:055 / office(05) / 00:00:04:964 para top(01)
Mensaje D / 00:01:27:055 / top(01) / 00:00:02:632 para Root(00)
Mensaje * / 00:01:29:687 / Root(00) para top(01)
Mensaje * / 00:01:29:687 / top(01) para jour(02)
Mensaje * / 00:01:29:687 / jour(02) para p_j(03)
Mensaje Y / 00:01:29:687 / p_j(03) / out /      3.00000 para jour(02)
Mensaje D / 00:01:29:687 / p_j(03) / ... para jour(02)
Mensaje Y / 00:01:29:687 / jour(02) / out /      3.00000 para top(01)
Mensaje D / 00:01:29:687 / jour(02) / ... para top(01)
Mensaje X / 00:01:29:687 / top(01) / in /      3.00000 para office(05)
Mensaje X / 00:01:29:687 / office(05) / in /      3.00000 para ed(06)
Mensaje D / 00:01:29:687 / ed(06) / ... para office(05)
Mensaje D / 00:01:29:687 / office(05) / 00:00:02:332 para top(01)
Mensaje D / 00:01:29:687 / top(01) / 00:00:02:332 para Root(00)
Mensaje * / 00:01:32:019 / Root(00) para top(01)
Mensaje * / 00:01:32:019 / top(01) para office(05)
Mensaje * / 00:01:32:019 / office(05) para ch(08)
Mensaje Y / 00:01:32:019 / ch(08) / out /      2.00000 para office(05)
Mensaje D / 00:01:32:019 / ch(08) / ... para office(05)
Mensaje Y / 00:01:32:019 / office(05) / out /      2.00000 para top(01)
Mensaje X / 00:01:32:019 / office(05) / done /      2.00000 para ed(06)
Mensaje X / 00:01:32:019 / top(01) / in /      2.00000 para pr(09)
Mensaje D / 00:01:32:019 / ed(06) / 00:00:05:000 para office(05)
Mensaje D / 00:01:32:019 / pr(09) / 00:00:05:000 para top(01)
Mensaje D / 00:01:32:019 / office(05) / 00:00:05:000 para top(01)
Mensaje D / 00:01:32:019 / top(01) / 00:00:05:000 para Root(00)
Mensaje * / 00:01:37:019 / Root(00) para top(01)
Mensaje * / 00:01:37:019 / top(01) para office(05)
Mensaje * / 00:01:37:019 / office(05) para ed(06)
Mensaje Y / 00:01:37:019 / ed(06) / out /      3.00000 para office(05)
Mensaje D / 00:01:37:019 / ed(06) / ... para office(05)
Mensaje X / 00:01:37:019 / office(05) / in /      3.00000 para mk(07)
Mensaje D / 00:01:37:019 / mk(07) / 00:00:07:679 para office(05)
Mensaje D / 00:01:37:019 / office(05) / 00:00:07:679 para top(01)
Mensaje D / 00:01:37:019 / top(01) / 00:00:00:000 para Root(00)
Mensaje * / 00:01:37:019 / Root(00) para top(01)
Mensaje * / 00:01:37:019 / top(01) para pr(09)
Mensaje Y / 00:01:37:019 / pr(09) / out /      3.00000 para top(01)
Mensaje D / 00:01:37:019 / pr(09) / ... para top(01)
Mensaje Y / 00:01:37:019 / top(01) / out /      3.00000 para Root(00)
Mensaje D / 00:01:37:019 / top(01) / 00:00:07:679 para Root(00)
Mensaje * / 00:01:44:698 / Root(00) para top(01)
Mensaje * / 00:01:44:698 / top(01) para office(05)
Mensaje * / 00:01:44:698 / office(05) para mk(07)
Mensaje Y / 00:01:44:698 / mk(07) / out /      3.00000 para office(05)
Mensaje D / 00:01:44:698 / mk(07) / ... para office(05)
Mensaje X / 00:01:44:698 / office(05) / in /      3.00000 para ch(08)
Mensaje D / 00:01:44:698 / ch(08) / 00:00:08:759 para office(05)
Mensaje D / 00:01:44:698 / office(05) / 00:00:08:759 para top(01)
Mensaje D / 00:01:44:698 / top(01) / 00:00:08:759 para Root(00)
Mensaje * / 00:01:53:457 / Root(00) para top(01)
Mensaje * / 00:01:53:457 / top(01) para office(05)
Mensaje * / 00:01:53:457 / office(05) para ch(08)
Mensaje Y / 00:01:53:457 / ch(08) / out /      3.00000 para office(05)
Mensaje D / 00:01:53:457 / ch(08) / ... para office(05)
Mensaje Y / 00:01:53:457 / office(05) / out /      3.00000 para top(01)
Mensaje X / 00:01:53:457 / office(05) / done /      3.00000 para ed(06)
Mensaje X / 00:01:53:457 / top(01) / in /      3.00000 para pr(09)
Mensaje D / 00:01:53:457 / ed(06) / 00:00:05:000 para office(05)
Mensaje D / 00:01:53:457 / pr(09) / 00:00:05:000 para top(01)
Mensaje D / 00:01:53:457 / office(05) / 00:00:05:000 para top(01)
Mensaje D / 00:01:53:457 / top(01) / 00:00:05:000 para Root(00)
Mensaje * / 00:01:58:457 / Root(00) para top(01)
Mensaje * / 00:01:58:457 / top(01) para office(05)
Mensaje * / 00:01:58:457 / office(05) para ed(06)
Mensaje Y / 00:01:58:457 / ed(06) / out /      3.00000 para office(05)
Mensaje D / 00:01:58:457 / ed(06) / ... para office(05)
Mensaje X / 00:01:58:457 / office(05) / in /      3.00000 para mk(07)
Mensaje D / 00:01:58:457 / mk(07) / 00:00:07:084 para office(05)
Mensaje D / 00:01:58:457 / office(05) / 00:00:07:084 para top(01)
Mensaje D / 00:01:58:457 / top(01) / 00:00:00:000 para Root(00)
Mensaje * / 00:01:58:457 / Root(00) para top(01)
Mensaje * / 00:01:58:457 / top(01) para pr(09)
Mensaje Y / 00:01:58:457 / pr(09) / out /      4.00000 para top(01)
Mensaje D / 00:01:58:457 / pr(09) / ... para top(01)
Mensaje Y / 00:01:58:457 / top(01) / out /      4.00000 para Root(00)
Mensaje D / 00:01:58:457 / top(01) / 00:00:07:084 para Root(00)
Mensaje * / 00:02:05:541 / Root(00) para top(01)
Mensaje * / 00:02:05:541 / top(01) para office(05)
Mensaje * / 00:02:05:541 / office(05) para mk(07)
Mensaje Y / 00:02:05:541 / mk(07) / out /      3.00000 para office(05)
Mensaje D / 00:02:05:541 / mk(07) / ... para office(05)
Mensaje X / 00:02:05:541 / office(05) / in /      3.00000 para ch(08)
Mensaje D / 00:02:05:541 / ch(08) / 00:00:06:533 para office(05)
Mensaje D / 00:02:05:541 / office(05) / 00:00:06:533 para top(01)
Mensaje D / 00:02:05:541 / top(01) / 00:00:06:533 para Root(00)
Mensaje * / 00:02:12:074 / Root(00) para top(01)
Mensaje * / 00:02:12:074 / top(01) para office(05)
Mensaje * / 00:02:12:074 / office(05) para ch(08)
Mensaje Y / 00:02:12:074 / ch(08) / out /      3.00000 para office(05)
Mensaje D / 00:02:12:074 / ch(08) / ... para office(05)
Mensaje Y / 00:02:12:074 / office(05) / out /      3.00000 para top(01)
Mensaje X / 00:02:12:074 / office(05) / done /      3.00000 para ed(06)
Mensaje X / 00:02:12:074 / top(01) / in /      3.00000 para pr(09)
Mensaje D / 00:02:12:074 / ed(06) / ... para office(05)
Mensaje D / 00:02:12:074 / pr(09) / 00:00:05:000 para top(01)
Mensaje D / 00:02:12:074 / office(05) / ... para top(01)
Mensaje D / 00:02:12:074 / top(01) / 00:00:05:000 para Root(00)
Mensaje * / 00:02:17:074 / Root(00) para top(01)
Mensaje * / 00:02:17:074 / top(01) para pr(09)
Mensaje Y / 00:02:17:074 / pr(09) / out /      4.00000 para top(01)
Mensaje D / 00:02:17:074 / pr(09) / ... para top(01)
Mensaje Y / 00:02:17:074 / top(01) / out /      4.00000 para Root(00)
Mensaje D / 00:02:17:074 / top(01) / ... para Root(00)
Mensaje X / 00:03:28:030 / Root(00) / in /      4.00000 para top(01)
Mensaje X / 00:03:28:030 / top(01) / in /      4.00000 para jour(02)
Mensaje X / 00:03:28:030 / jour(02) / in /      4.00000 para p_j(03)
Mensaje X / 00:03:28:030 / jour(02) / in /      4.00000 para t_j(04)
Mensaje D / 00:03:28:030 / p_j(03) / 00:00:05:704 para jour(02)
Mensaje D / 00:03:28:030 / t_j(04) / 00:00:06:419 para jour(02)
Mensaje D / 00:03:28:030 / jour(02) / 00:00:05:704 para top(01)
Mensaje D / 00:03:28:030 / top(01) / 00:00:05:704 para Root(00)
Mensaje * / 00:03:33:734 / Root(00) para top(01)
Mensaje * / 00:03:33:734 / top(01) para jour(02)
Mensaje * / 00:03:33:734 / jour(02) para p_j(03)
Mensaje Y / 00:03:33:734 / p_j(03) / out /      4.00000 para jour(02)
Mensaje D / 00:03:33:734 / p_j(03) / ... para jour(02)
Mensaje Y / 00:03:33:734 / jour(02) / out /      4.00000 para top(01)
Mensaje D / 00:03:33:734 / jour(02) / 00:00:00:715 para top(01)
Mensaje X / 00:03:33:734 / top(01) / in /      4.00000 para office(05)
Mensaje X / 00:03:33:734 / office(05) / in /      4.00000 para ed(06)
Mensaje D / 00:03:33:734 / ed(06) / 00:00:05:000 para office(05)
Mensaje D / 00:03:33:734 / office(05) / 00:00:05:000 para top(01)
Mensaje D / 00:03:33:734 / top(01) / 00:00:00:715 para Root(00)
Mensaje * / 00:03:34:449 / Root(00) para top(01)
Mensaje * / 00:03:34:449 / top(01) para jour(02)
Mensaje * / 00:03:34:449 / jour(02) para t_j(04)
Mensaje Y / 00:03:34:449 / t_j(04) / out /      4.00000 para jour(02)
Mensaje D / 00:03:34:449 / t_j(04) / ... para jour(02)
Mensaje Y / 00:03:34:449 / jour(02) / out /      4.00000 para top(01)
Mensaje D / 00:03:34:449 / jour(02) / ... para top(01)
Mensaje X / 00:03:34:449 / top(01) / in /      4.00000 para office(05)
Mensaje X / 00:03:34:449 / office(05) / in /      4.00000 para ed(06)
Mensaje D / 00:03:34:449 / ed(06) / 00:00:04:285 para office(05)
Mensaje D / 00:03:34:449 / office(05) / 00:00:04:285 para top(01)
Mensaje D / 00:03:34:449 / top(01) / 00:00:04:285 para Root(00)
Mensaje * / 00:03:38:734 / Root(00) para top(01)
Mensaje * / 00:03:38:734 / top(01) para office(05)
Mensaje * / 00:03:38:734 / office(05) para ed(06)
Mensaje Y / 00:03:38:734 / ed(06) / out /      4.00000 para office(05)
Mensaje D / 00:03:38:734 / ed(06) / ... para office(05)
Mensaje X / 00:03:38:734 / office(05) / in /      4.00000 para mk(07)
Mensaje D / 00:03:38:734 / mk(07) / 00:00:07:226 para office(05)
Mensaje D / 00:03:38:734 / office(05) / 00:00:07:226 para top(01)
Mensaje D / 00:03:38:734 / top(01) / 00:00:07:226 para Root(00)
Mensaje * / 00:03:45:960 / Root(00) para top(01)
Mensaje * / 00:03:45:960 / top(01) para office(05)
Mensaje * / 00:03:45:960 / office(05) para mk(07)
Mensaje Y / 00:03:45:960 / mk(07) / out /      4.00000 para office(05)
Mensaje D / 00:03:45:960 / mk(07) / ... para office(05)
Mensaje X / 00:03:45:960 / office(05) / in /      4.00000 para ch(08)
Mensaje D / 00:03:45:960 / ch(08) / 00:00:08:868 para office(05)
Mensaje D / 00:03:45:960 / office(05) / 00:00:08:868 para top(01)
Mensaje D / 00:03:45:960 / top(01) / 00:00:08:868 para Root(00)
Mensaje * / 00:03:54:828 / Root(00) para top(01)
Mensaje * / 00:03:54:828 / top(01) para office(05)
Mensaje * / 00:03:54:828 / office(05) para ch(08)
Mensaje Y / 00:03:54:828 / ch(08) / out /      4.00000 para office(05)
Mensaje D / 00:03:54:828 / ch(08) / ... para office(05)
Mensaje Y / 00:03:54:828 / office(05) / out /      4.00000 para top(01)
Mensaje X / 00:03:54:828 / office(05) / done /      4.00000 para ed(06)
Mensaje X / 00:03:54:828 / top(01) / in /      4.00000 para pr(09)
Mensaje D / 00:03:54:828 / ed(06) / 00:00:05:000 para office(05)
Mensaje D / 00:03:54:828 / pr(09) / 00:00:05:000 para top(01)
Mensaje D / 00:03:54:828 / office(05) / 00:00:05:000 para top(01)
Mensaje D / 00:03:54:828 / top(01) / 00:00:05:000 para Root(00)
Mensaje * / 00:03:59:828 / Root(00) para top(01)
Mensaje * / 00:03:59:828 / top(01) para office(05)
Mensaje * / 00:03:59:828 / office(05) para ed(06)
Mensaje Y / 00:03:59:828 / ed(06) / out /      4.00000 para office(05)
Mensaje D / 00:03:59:828 / ed(06) / ... para office(05)
Mensaje X / 00:03:59:828 / office(05) / in /      4.00000 para mk(07)
Mensaje D / 00:03:59:828 / mk(07) / 00:00:06:726 para office(05)
Mensaje D / 00:03:59:828 / office(05) / 00:00:06:726 para top(01)
Mensaje D / 00:03:59:828 / top(01) / 00:00:00:000 para Root(00)
Mensaje * / 00:03:59:828 / Root(00) para top(01)
Mensaje * / 00:03:59:828 / top(01) para pr(09)
Mensaje Y / 00:03:59:828 / pr(09) / out /      5.00000 para top(01)
Mensaje D / 00:03:59:828 / pr(09) / ... para top(01)
Mensaje Y / 00:03:59:828 / top(01) / out /      5.00000 para Root(00)
Mensaje D / 00:03:59:828 / top(01) / 00:00:06:726 para Root(00)
Mensaje * / 00:04:06:554 / Root(00) para top(01)
Mensaje * / 00:04:06:554 / top(01) para office(05)
Mensaje * / 00:04:06:554 / office(05) para mk(07)
Mensaje Y / 00:04:06:554 / mk(07) / out /      4.00000 para office(05)
Mensaje D / 00:04:06:554 / mk(07) / ... para office(05)
Mensaje X / 00:04:06:554 / office(05) / in /      4.00000 para ch(08)
Mensaje D / 00:04:06:554 / ch(08) / 00:00:08:622 para office(05)
Mensaje D / 00:04:06:554 / office(05) / 00:00:08:622 para top(01)
Mensaje D / 00:04:06:554 / top(01) / 00:00:08:622 para Root(00)
Mensaje * / 00:04:15:176 / Root(00) para top(01)
Mensaje * / 00:04:15:176 / top(01) para office(05)
Mensaje * / 00:04:15:176 / office(05) para ch(08)
Mensaje Y / 00:04:15:176 / ch(08) / out /      4.00000 para office(05)
Mensaje D / 00:04:15:176 / ch(08) / ... para office(05)
Mensaje Y / 00:04:15:176 / office(05) / out /      4.00000 para top(01)
Mensaje X / 00:04:15:176 / office(05) / done /      4.00000 para ed(06)
Mensaje X / 00:04:15:176 / top(01) / in /      4.00000 para pr(09)
Mensaje D / 00:04:15:176 / ed(06) / ... para office(05)
Mensaje D / 00:04:15:176 / pr(09) / 00:00:05:000 para top(01)
Mensaje D / 00:04:15:176 / office(05) / ... para top(01)
Mensaje D / 00:04:15:176 / top(01) / 00:00:05:000 para Root(00)
Mensaje * / 00:04:20:176 / Root(00) para top(01)
Mensaje * / 00:04:20:176 / top(01) para pr(09)
Mensaje Y / 00:04:20:176 / pr(09) / out /      5.00000 para top(01)
Mensaje D / 00:04:20:176 / pr(09) / ... para top(01)
Mensaje Y / 00:04:20:176 / top(01) / out /      5.00000 para Root(00)
Mensaje D / 00:04:20:176 / top(01) / ... para Root(00)
Mensaje X / 00:06:34:040 / Root(00) / in /      5.00000 para top(01)
Mensaje X / 00:06:34:040 / top(01) / in /      5.00000 para jour(02)
Mensaje X / 00:06:34:040 / jour(02) / in /      5.00000 para p_j(03)
Mensaje X / 00:06:34:040 / jour(02) / in /      5.00000 para t_j(04)
Mensaje D / 00:06:34:040 / p_j(03) / 00:00:06:382 para jour(02)
Mensaje D / 00:06:34:040 / t_j(04) / 00:00:07:112 para jour(02)
Mensaje D / 00:06:34:040 / jour(02) / 00:00:06:382 para top(01)
Mensaje D / 00:06:34:040 / top(01) / 00:00:06:382 para Root(00)
Mensaje * / 00:06:40:422 / Root(00) para top(01)
Mensaje * / 00:06:40:422 / top(01) para jour(02)
Mensaje * / 00:06:40:422 / jour(02) para p_j(03)
Mensaje Y / 00:06:40:422 / p_j(03) / out /      5.00000 para jour(02)
Mensaje D / 00:06:40:422 / p_j(03) / ... para jour(02)
Mensaje Y / 00:06:40:422 / jour(02) / out /      5.00000 para top(01)
Mensaje D / 00:06:40:422 / jour(02) / 00:00:00:730 para top(01)
Mensaje X / 00:06:40:422 / top(01) / in /      5.00000 para office(05)
Mensaje X / 00:06:40:422 / office(05) / in /      5.00000 para ed(06)
Mensaje D / 00:06:40:422 / ed(06) / 00:00:05:000 para office(05)
Mensaje D / 00:06:40:422 / office(05) / 00:00:05:000 para top(01)
Mensaje D / 00:06:40:422 / top(01) / 00:00:00:730 para Root(00)
Mensaje * / 00:06:41:152 / Root(00) para top(01)
Mensaje * / 00:06:41:152 / top(01) para jour(02)
Mensaje * / 00:06:41:152 / jour(02) para t_j(04)
Mensaje Y / 00:06:41:152 / t_j(04) / out /      5.00000 para jour(02)
Mensaje D / 00:06:41:152 / t_j(04) / ... para jour(02)
Mensaje Y / 00:06:41:152 / jour(02) / out /      5.00000 para top(01)
Mensaje D / 00:06:41:152 / jour(02) / ... para top(01)
Mensaje X / 00:06:41:152 / top(01) / in /      5.00000 para office(05)
Mensaje X / 00:06:41:152 / office(05) / in /      5.00000 para ed(06)
Mensaje D / 00:06:41:152 / ed(06) / 00:00:04:270 para office(05)
Mensaje D / 00:06:41:152 / office(05) / 00:00:04:270 para top(01)
Mensaje D / 00:06:41:152 / top(01) / 00:00:04:270 para Root(00)
Mensaje * / 00:06:45:422 / Root(00) para top(01)
Mensaje * / 00:06:45:422 / top(01) para office(05)
Mensaje * / 00:06:45:422 / office(05) para ed(06)
Mensaje Y / 00:06:45:422 / ed(06) / out /      5.00000 para office(05)
Mensaje D / 00:06:45:422 / ed(06) / ... para office(05)
Mensaje X / 00:06:45:422 / office(05) / in /      5.00000 para mk(07)
Mensaje D / 00:06:45:422 / mk(07) / 00:00:06:837 para office(05)
Mensaje D / 00:06:45:422 / office(05) / 00:00:06:837 para top(01)
Mensaje D / 00:06:45:422 / top(01) / 00:00:06:837 para Root(00)
Mensaje * / 00:06:52:259 / Root(00) para top(01)
Mensaje * / 00:06:52:259 / top(01) para office(05)
Mensaje * / 00:06:52:259 / office(05) para mk(07)
Mensaje Y / 00:06:52:259 / mk(07) / out /      5.00000 para office(05)
Mensaje D / 00:06:52:259 / mk(07) / ... para office(05)
Mensaje X / 00:06:52:259 / office(05) / in /      5.00000 para ch(08)
Mensaje D / 00:06:52:259 / ch(08) / 00:00:07:314 para office(05)
Mensaje D / 00:06:52:259 / office(05) / 00:00:07:314 para top(01)
Mensaje D / 00:06:52:259 / top(01) / 00:00:07:314 para Root(00)
Mensaje * / 00:06:59:573 / Root(00) para top(01)
Mensaje * / 00:06:59:573 / top(01) para office(05)
Mensaje * / 00:06:59:573 / office(05) para ch(08)
Mensaje Y / 00:06:59:573 / ch(08) / out /      5.00000 para office(05)
Mensaje D / 00:06:59:573 / ch(08) / ... para office(05)
Mensaje Y / 00:06:59:573 / office(05) / out /      5.00000 para top(01)
Mensaje X / 00:06:59:573 / office(05) / done /      5.00000 para ed(06)
Mensaje X / 00:06:59:573 / top(01) / in /      5.00000 para pr(09)
Mensaje D / 00:06:59:573 / ed(06) / 00:00:05:000 para office(05)
Mensaje D / 00:06:59:573 / pr(09) / 00:00:05:000 para top(01)
Mensaje D / 00:06:59:573 / office(05) / 00:00:05:000 para top(01)
Mensaje D / 00:06:59:573 / top(01) / 00:00:05:000 para Root(00)
Mensaje * / 00:07:04:573 / Root(00) para top(01)
Mensaje * / 00:07:04:573 / top(01) para office(05)
Mensaje * / 00:07:04:573 / office(05) para ed(06)
Mensaje Y / 00:07:04:573 / ed(06) / out /      5.00000 para office(05)
Mensaje D / 00:07:04:573 / ed(06) / ... para office(05)
Mensaje X / 00:07:04:573 / office(05) / in /      5.00000 para mk(07)
Mensaje D / 00:07:04:573 / mk(07) / 00:00:05:499 para office(05)
Mensaje D / 00:07:04:573 / office(05) / 00:00:05:499 para top(01)
Mensaje D / 00:07:04:573 / top(01) / 00:00:00:000 para Root(00)
Mensaje * / 00:07:04:573 / Root(00) para top(01)
Mensaje * / 00:07:04:573 / top(01) para pr(09)
Mensaje Y / 00:07:04:573 / pr(09) / out /      6.00000 para top(01)
Mensaje D / 00:07:04:573 / pr(09) / ... para top(01)
Mensaje Y / 00:07:04:573 / top(01) / out /      6.00000 para Root(00)
Mensaje D / 00:07:04:573 / top(01) / 00:00:05:499 para Root(00)
Mensaje * / 00:07:10:072 / Root(00) para top(01)
Mensaje * / 00:07:10:072 / top(01) para office(05)
Mensaje * / 00:07:10:072 / office(05) para mk(07)
Mensaje Y / 00:07:10:072 / mk(07) / out /      5.00000 para office(05)
Mensaje D / 00:07:10:072 / mk(07) / ... para office(05)
Mensaje X / 00:07:10:072 / office(05) / in /      5.00000 para ch(08)
Mensaje D / 00:07:10:072 / ch(08) / 00:00:07:228 para office(05)
Mensaje D / 00:07:10:072 / office(05) / 00:00:07:228 para top(01)
Mensaje D / 00:07:10:072 / top(01) / 00:00:07:228 para Root(00)
Mensaje * / 00:07:17:300 / Root(00) para top(01)
Mensaje * / 00:07:17:300 / top(01) para office(05)
Mensaje * / 00:07:17:300 / office(05) para ch(08)
Mensaje Y / 00:07:17:300 / ch(08) / out /      5.00000 para office(05)
Mensaje D / 00:07:17:300 / ch(08) / ... para office(05)
Mensaje Y / 00:07:17:300 / office(05) / out /      5.00000 para top(01)
Mensaje X / 00:07:17:300 / office(05) / done /      5.00000 para ed(06)
Mensaje X / 00:07:17:300 / top(01) / in /      5.00000 para pr(09)
Mensaje D / 00:07:17:300 / ed(06) / ... para office(05)
Mensaje D / 00:07:17:300 / pr(09) / 00:00:05:000 para top(01)
Mensaje D / 00:07:17:300 / office(05) / ... para top(01)
Mensaje D / 00:07:17:300 / top(01) / 00:00:05:000 para Root(00)
Mensaje * / 00:07:22:300 / Root(00) para top(01)
Mensaje * / 00:07:22:300 / top(01) para pr(09)
Mensaje Y / 00:07:22:300 / pr(09) / out /      6.00000 para top(01)
Mensaje D / 00:07:22:300 / pr(09) / ... para top(01)
Mensaje Y / 00:07:22:300 / top(01) / out /      6.00000 para Root(00)
Mensaje D / 00:07:22:300 / top(01) / ... para Root(00)
Mensaje X / 00:09:47:050 / Root(00) / in /      6.00000 para top(01)
Mensaje X / 00:09:47:050 / top(01) / in /      6.00000 para jour(02)
Mensaje X / 00:09:47:050 / jour(02) / in /      6.00000 para p_j(03)
Mensaje X / 00:09:47:050 / jour(02) / in /      6.00000 para t_j(04)
Mensaje D / 00:09:47:050 / p_j(03) / 00:00:07:536 para jour(02)
Mensaje D / 00:09:47:050 / t_j(04) / 00:00:07:989 para jour(02)
Mensaje D / 00:09:47:050 / jour(02) / 00:00:07:536 para top(01)
Mensaje D / 00:09:47:050 / top(01) / 00:00:07:536 para Root(00)
Mensaje * / 00:09:54:586 / Root(00) para top(01)
Mensaje * / 00:09:54:586 / top(01) para jour(02)
Mensaje * / 00:09:54:586 / jour(02) para p_j(03)
Mensaje Y / 00:09:54:586 / p_j(03) / out /      6.00000 para jour(02)
Mensaje D / 00:09:54:586 / p_j(03) / ... para jour(02)
Mensaje Y / 00:09:54:586 / jour(02) / out /      6.00000 para top(01)
Mensaje D / 00:09:54:586 / jour(02) / 00:00:00:453 para top(01)
Mensaje X / 00:09:54:586 / top(01) / in /      6.00000 para office(05)
Mensaje X / 00:09:54:586 / office(05) / in /      6.00000 para ed(06)
Mensaje D / 00:09:54:586 / ed(06) / 00:00:05:000 para office(05)
Mensaje D / 00:09:54:586 / office(05) / 00:00:05:000 para top(01)
Mensaje D / 00:09:54:586 / top(01) / 00:00:00:453 para Root(00)
Mensaje * / 00:09:55:039 / Root(00) para top(01)
Mensaje * / 00:09:55:039 / top(01) para jour(02)
Mensaje * / 00:09:55:039 / jour(02) para t_j(04)
Mensaje Y / 00:09:55:039 / t_j(04) / out /      6.00000 para jour(02)
Mensaje D / 00:09:55:039 / t_j(04) / ... para jour(02)
Mensaje Y / 00:09:55:039 / jour(02) / out /      6.00000 para top(01)
Mensaje D / 00:09:55:039 / jour(02) / ... para top(01)
Mensaje X / 00:09:55:039 / top(01) / in /      6.00000 para office(05)
Mensaje X / 00:09:55:039 / office(05) / in /      6.00000 para ed(06)
Mensaje D / 00:09:55:039 / ed(06) / 00:00:04:547 para office(05)
Mensaje D / 00:09:55:039 / office(05) / 00:00:04:547 para top(01)
Mensaje D / 00:09:55:039 / top(01) / 00:00:04:547 para Root(00)
Mensaje * / 00:09:59:586 / Root(00) para top(01)
Mensaje * / 00:09:59:586 / top(01) para office(05)
Mensaje * / 00:09:59:586 / office(05) para ed(06)
Mensaje Y / 00:09:59:586 / ed(06) / out /      6.00000 para office(05)
Mensaje D / 00:09:59:586 / ed(06) / ... para office(05)
Mensaje X / 00:09:59:586 / office(05) / in /      6.00000 para mk(07)
Mensaje D / 00:09:59:586 / mk(07) / 00:00:06:532 para office(05)
Mensaje D / 00:09:59:586 / office(05) / 00:00:06:532 para top(01)
Mensaje D / 00:09:59:586 / top(01) / 00:00:06:532 para Root(00)
Mensaje * / 00:10:06:118 / Root(00) para top(01)
Mensaje * / 00:10:06:118 / top(01) para office(05)
Mensaje * / 00:10:06:118 / office(05) para mk(07)
Mensaje Y / 00:10:06:118 / mk(07) / out /      6.00000 para office(05)
Mensaje D / 00:10:06:118 / mk(07) / ... para office(05)
Mensaje X / 00:10:06:118 / office(05) / in /      6.00000 para ch(08)
Mensaje D / 00:10:06:118 / ch(08) / 00:00:06:984 para office(05)
Mensaje D / 00:10:06:118 / office(05) / 00:00:06:984 para top(01)
Mensaje D / 00:10:06:118 / top(01) / 00:00:06:984 para Root(00)
Mensaje * / 00:10:13:102 / Root(00) para top(01)
Mensaje * / 00:10:13:102 / top(01) para office(05)
Mensaje * / 00:10:13:102 / office(05) para ch(08)
Mensaje Y / 00:10:13:102 / ch(08) / out /      6.00000 para office(05)
Mensaje D / 00:10:13:102 / ch(08) / ... para office(05)
Mensaje Y / 00:10:13:102 / office(05) / out /      6.00000 para top(01)
Mensaje X / 00:10:13:102 / office(05) / done /      6.00000 para ed(06)
Mensaje X / 00:10:13:102 / top(01) / in /      6.00000 para pr(09)
Mensaje D / 00:10:13:102 / ed(06) / 00:00:05:000 para office(05)
Mensaje D / 00:10:13:102 / pr(09) / 00:00:05:000 para top(01)
Mensaje D / 00:10:13:102 / office(05) / 00:00:05:000 para top(01)
Mensaje D / 00:10:13:102 / top(01) / 00:00:05:000 para Root(00)
Mensaje * / 00:10:18:102 / Root(00) para top(01)
Mensaje * / 00:10:18:102 / top(01) para office(05)
Mensaje * / 00:10:18:102 / office(05) para ed(06)
Mensaje Y / 00:10:18:102 / ed(06) / out /      6.00000 para office(05)
Mensaje D / 00:10:18:102 / ed(06) / ... para office(05)
Mensaje X / 00:10:18:102 / office(05) / in /      6.00000 para mk(07)
Mensaje D / 00:10:18:102 / mk(07) / 00:00:05:653 para office(05)
Mensaje D / 00:10:18:102 / office(05) / 00:00:05:653 para top(01)
Mensaje D / 00:10:18:102 / top(01) / 00:00:00:000 para Root(00)
Mensaje * / 00:10:18:102 / Root(00) para top(01)
Mensaje * / 00:10:18:102 / top(01) para pr(09)
Mensaje Y / 00:10:18:102 / pr(09) / out /      7.00000 para top(01)
Mensaje D / 00:10:18:102 / pr(09) / ... para top(01)
Mensaje Y / 00:10:18:102 / top(01) / out /      7.00000 para Root(00)
Mensaje D / 00:10:18:102 / top(01) / 00:00:05:653 para Root(00)
Mensaje * / 00:10:23:755 / Root(00) para top(01)
Mensaje * / 00:10:23:755 / top(01) para office(05)
Mensaje * / 00:10:23:755 / office(05) para mk(07)
Mensaje Y / 00:10:23:755 / mk(07) / out /      6.00000 para office(05)
Mensaje D / 00:10:23:755 / mk(07) / ... para office(05)
Mensaje X / 00:10:23:755 / office(05) / in /      6.00000 para ch(08)
Mensaje D / 00:10:23:755 / ch(08) / 00:00:07:519 para office(05)
Mensaje D / 00:10:23:755 / office(05) / 00:00:07:519 para top(01)
Mensaje D / 00:10:23:755 / top(01) / 00:00:07:519 para Root(00)
Mensaje * / 00:10:31:274 / Root(00) para top(01)
Mensaje * / 00:10:31:274 / top(01) para office(05)
Mensaje * / 00:10:31:274 / office(05) para ch(08)
Mensaje Y / 00:10:31:274 / ch(08) / out /      6.00000 para office(05)
Mensaje D / 00:10:31:274 / ch(08) / ... para office(05)
Mensaje Y / 00:10:31:274 / office(05) / out /      6.00000 para top(01)
Mensaje X / 00:10:31:274 / office(05) / done /      6.00000 para ed(06)
Mensaje X / 00:10:31:274 / top(01) / in /      6.00000 para pr(09)
Mensaje D / 00:10:31:274 / ed(06) / ... para office(05)
Mensaje D / 00:10:31:274 / pr(09) / 00:00:05:000 para top(01)
Mensaje D / 00:10:31:274 / office(05) / ... para top(01)
Mensaje D / 00:10:31:274 / top(01) / 00:00:05:000 para Root(00)
Mensaje * / 00:10:36:274 / Root(00) para top(01)
Mensaje * / 00:10:36:274 / top(01) para pr(09)
Mensaje Y / 00:10:36:274 / pr(09) / out /      7.00000 para top(01)
Mensaje D / 00:10:36:274 / pr(09) / ... para top(01)
Mensaje Y / 00:10:36:274 / top(01) / out /      7.00000 para Root(00)
Mensaje D / 00:10:36:274 / top(01) / ... para Root(00)
