Mensaje I / 00:00:00:000 / Root(00) para top(01)
Mensaje I / 00:00:00:000 / top(01) para jour(02)
Mensaje I / 00:00:00:000 / jour(02) para p_j(03)
Mensaje I / 00:00:00:000 / jour(02) para t_j(04)
Mensaje D / 00:00:00:000 / p_j(03) / ... para jour(02)
Mensaje D / 00:00:00:000 / t_j(04) / ... para jour(02)
Mensaje D / 00:00:00:000 / jour(02) / ... para top(01)
Mensaje D / 00:00:00:000 / top(01) / ... para Root(00)
Mensaje X / 00:00:10:000 / Root(00) / in /      1.00000 para top(01)
Mensaje X / 00:00:10:000 / top(01) / in /      1.00000 para jour(02)
Mensaje X / 00:00:10:000 / jour(02) / in /      1.00000 para p_j(03)
Mensaje X / 00:00:10:000 / jour(02) / in /      1.00000 para t_j(04)
Mensaje D / 00:00:10:000 / p_j(03) / 00:00:06:987 para jour(02)
Mensaje D / 00:00:10:000 / t_j(04) / 00:00:05:796 para jour(02)
Mensaje D / 00:00:10:000 / jour(02) / 00:00:05:796 para top(01)
Mensaje D / 00:00:10:000 / top(01) / 00:00:05:796 para Root(00)
Mensaje * / 00:00:15:796 / Root(00) para top(01)
Mensaje * / 00:00:15:796 / top(01) para jour(02)
Mensaje * / 00:00:15:796 / jour(02) para t_j(04)
Mensaje Y / 00:00:15:796 / t_j(04) / out /      1.00000 para jour(02)
Mensaje D / 00:00:15:796 / t_j(04) / ... para jour(02)
Mensaje Y / 00:00:15:796 / jour(02) / out /      1.00000 para top(01)
Mensaje D / 00:00:15:796 / jour(02) / 00:00:01:191 para top(01)
Mensaje Y / 00:00:15:796 / top(01) / out /      1.00000 para Root(00)
Mensaje D / 00:00:15:796 / top(01) / 00:00:01:191 para Root(00)
Mensaje * / 00:00:16:987 / Root(00) para top(01)
Mensaje * / 00:00:16:987 / top(01) para jour(02)
Mensaje * / 00:00:16:987 / jour(02) para p_j(03)
Mensaje Y / 00:00:16:987 / p_j(03) / out /      1.00000 para jour(02)
Mensaje D / 00:00:16:987 / p_j(03) / ... para jour(02)
Mensaje Y / 00:00:16:987 / jour(02) / out /      1.00000 para top(01)
Mensaje D / 00:00:16:987 / jour(02) / ... para top(01)
Mensaje Y / 00:00:16:987 / top(01) / out /      1.00000 para Root(00)
Mensaje D / 00:00:16:987 / top(01) / ... para Root(00)
Mensaje X / 00:00:46:010 / Root(00) / in /      2.00000 para top(01)
Mensaje X / 00:00:46:010 / top(01) / in /      2.00000 para jour(02)
Mensaje X / 00:00:46:010 / jour(02) / in /      2.00000 para p_j(03)
Mensaje X / 00:00:46:010 / jour(02) / in /      2.00000 para t_j(04)
Mensaje D / 00:00:46:010 / p_j(03) / 00:00:05:957 para jour(02)
Mensaje D / 00:00:46:010 / t_j(04) / 00:00:07:035 para jour(02)
Mensaje D / 00:00:46:010 / jour(02) / 00:00:05:957 para top(01)
Mensaje D / 00:00:46:010 / top(01) / 00:00:05:957 para Root(00)
Mensaje * / 00:00:51:967 / Root(00) para top(01)
Mensaje * / 00:00:51:967 / top(01) para jour(02)
Mensaje * / 00:00:51:967 / jour(02) para p_j(03)
Mensaje Y / 00:00:51:967 / p_j(03) / out /      2.00000 para jour(02)
Mensaje D / 00:00:51:967 / p_j(03) / ... para jour(02)
Mensaje Y / 00:00:51:967 / jour(02) / out /      2.00000 para top(01)
Mensaje D / 00:00:51:967 / jour(02) / 00:00:01:078 para top(01)
Mensaje Y / 00:00:51:967 / top(01) / out /      2.00000 para Root(00)
Mensaje D / 00:00:51:967 / top(01) / 00:00:01:078 para Root(00)
Mensaje * / 00:00:53:045 / Root(00) para top(01)
Mensaje * / 00:00:53:045 / top(01) para jour(02)
Mensaje * / 00:00:53:045 / jour(02) para t_j(04)
Mensaje Y / 00:00:53:045 / t_j(04) / out /      2.00000 para jour(02)
Mensaje D / 00:00:53:045 / t_j(04) / ... para jour(02)
Mensaje Y / 00:00:53:045 / jour(02) / out /      2.00000 para top(01)
Mensaje D / 00:00:53:045 / jour(02) / ... para top(01)
Mensaje Y / 00:00:53:045 / top(01) / out /      2.00000 para Root(00)
Mensaje D / 00:00:53:045 / top(01) / ... para Root(00)
Mensaje X / 00:01:22:000 / Root(00) / in /      3.00000 para top(01)
Mensaje X / 00:01:22:000 / top(01) / in /      3.00000 para jour(02)
Mensaje X / 00:01:22:000 / jour(02) / in /      3.00000 para p_j(03)
Mensaje X / 00:01:22:000 / jour(02) / in /      3.00000 para t_j(04)
Mensaje D / 00:01:22:000 / p_j(03) / 00:00:06:182 para jour(02)
Mensaje D / 00:01:22:000 / t_j(04) / 00:00:07:160 para jour(02)
Mensaje D / 00:01:22:000 / jour(02) / 00:00:06:182 para top(01)
Mensaje D / 00:01:22:000 / top(01) / 00:00:06:182 para Root(00)
Mensaje * / 00:01:28:182 / Root(00) para top(01)
Mensaje * / 00:01:28:182 / top(01) para jour(02)
Mensaje * / 00:01:28:182 / jour(02) para p_j(03)
Mensaje Y / 00:01:28:182 / p_j(03) / out /      3.00000 para jour(02)
Mensaje D / 00:01:28:182 / p_j(03) / ... para jour(02)
Mensaje Y / 00:01:28:182 / jour(02) / out /      3.00000 para top(01)
Mensaje D / 00:01:28:182 / jour(02) / 00:00:00:978 para top(01)
Mensaje Y / 00:01:28:182 / top(01) / out /      3.00000 para Root(00)
Mensaje D / 00:01:28:182 / top(01) / 00:00:00:978 para Root(00)
Mensaje * / 00:01:29:160 / Root(00) para top(01)
Mensaje * / 00:01:29:160 / top(01) para jour(02)
Mensaje * / 00:01:29:160 / jour(02) para t_j(04)
Mensaje Y / 00:01:29:160 / t_j(04) / out /      3.00000 para jour(02)
Mensaje D / 00:01:29:160 / t_j(04) / ... para jour(02)
Mensaje Y / 00:01:29:160 / jour(02) / out /      3.00000 para top(01)
Mensaje D / 00:01:29:160 / jour(02) / ... para top(01)
Mensaje Y / 00:01:29:160 / top(01) / out /      3.00000 para Root(00)
Mensaje D / 00:01:29:160 / top(01) / ... para Root(00)
Mensaje X / 00:03:28:030 / Root(00) / in /      4.00000 para top(01)
Mensaje X / 00:03:28:030 / top(01) / in /      4.00000 para jour(02)
Mensaje X / 00:03:28:030 / jour(02) / in /      4.00000 para p_j(03)
Mensaje X / 00:03:28:030 / jour(02) / in /      4.00000 para t_j(04)
Mensaje D / 00:03:28:030 / p_j(03) / 00:00:07:849 para jour(02)
Mensaje D / 00:03:28:030 / t_j(04) / 00:00:07:655 para jour(02)
Mensaje D / 00:03:28:030 / jour(02) / 00:00:07:655 para top(01)
Mensaje D / 00:03:28:030 / top(01) / 00:00:07:655 para Root(00)
Mensaje * / 00:03:35:685 / Root(00) para top(01)
Mensaje * / 00:03:35:685 / top(01) para jour(02)
Mensaje * / 00:03:35:685 / jour(02) para t_j(04)
Mensaje Y / 00:03:35:685 / t_j(04) / out /      4.00000 para jour(02)
Mensaje D / 00:03:35:685 / t_j(04) / ... para jour(02)
Mensaje Y / 00:03:35:685 / jour(02) / out /      4.00000 para top(01)
Mensaje D / 00:03:35:685 / jour(02) / 00:00:00:194 para top(01)
Mensaje Y / 00:03:35:685 / top(01) / out /      4.00000 para Root(00)
Mensaje D / 00:03:35:685 / top(01) / 00:00:00:194 para Root(00)
Mensaje * / 00:03:35:879 / Root(00) para top(01)
Mensaje * / 00:03:35:879 / top(01) para jour(02)
Mensaje * / 00:03:35:879 / jour(02) para p_j(03)
Mensaje Y / 00:03:35:879 / p_j(03) / out /      4.00000 para jour(02)
Mensaje D / 00:03:35:879 / p_j(03) / ... para jour(02)
Mensaje Y / 00:03:35:879 / jour(02) / out /      4.00000 para top(01)
Mensaje D / 00:03:35:879 / jour(02) / ... para top(01)
Mensaje Y / 00:03:35:879 / top(01) / out /      4.00000 para Root(00)
Mensaje D / 00:03:35:879 / top(01) / ... para Root(00)
Mensaje X / 00:06:34:040 / Root(00) / in /      5.00000 para top(01)
Mensaje X / 00:06:34:040 / top(01) / in /      5.00000 para jour(02)
Mensaje X / 00:06:34:040 / jour(02) / in /      5.00000 para p_j(03)
Mensaje X / 00:06:34:040 / jour(02) / in /      5.00000 para t_j(04)
Mensaje D / 00:06:34:040 / p_j(03) / 00:00:07:446 para jour(02)
Mensaje D / 00:06:34:040 / t_j(04) / 00:00:06:830 para jour(02)
Mensaje D / 00:06:34:040 / jour(02) / 00:00:06:830 para top(01)
Mensaje D / 00:06:34:040 / top(01) / 00:00:06:830 para Root(00)
Mensaje * / 00:06:40:870 / Root(00) para top(01)
Mensaje * / 00:06:40:870 / top(01) para jour(02)
Mensaje * / 00:06:40:870 / jour(02) para t_j(04)
Mensaje Y / 00:06:40:870 / t_j(04) / out /      5.00000 para jour(02)
Mensaje D / 00:06:40:870 / t_j(04) / ... para jour(02)
Mensaje Y / 00:06:40:870 / jour(02) / out /      5.00000 para top(01)
Mensaje D / 00:06:40:870 / jour(02) / 00:00:00:616 para top(01)
Mensaje Y / 00:06:40:870 / top(01) / out /      5.00000 para Root(00)
Mensaje D / 00:06:40:870 / top(01) / 00:00:00:616 para Root(00)
Mensaje * / 00:06:41:486 / Root(00) para top(01)
Mensaje * / 00:06:41:486 / top(01) para jour(02)
Mensaje * / 00:06:41:486 / jour(02) para p_j(03)
Mensaje Y / 00:06:41:486 / p_j(03) / out /      5.00000 para jour(02)
Mensaje D / 00:06:41:486 / p_j(03) / ... para jour(02)
Mensaje Y / 00:06:41:486 / jour(02) / out /      5.00000 para top(01)
Mensaje D / 00:06:41:486 / jour(02) / ... para top(01)
Mensaje Y / 00:06:41:486 / top(01) / out /      5.00000 para Root(00)
Mensaje D / 00:06:41:486 / top(01) / ... para Root(00)
Mensaje X / 00:09:47:050 / Root(00) / in /      6.00000 para top(01)
Mensaje X / 00:09:47:050 / top(01) / in /      6.00000 para jour(02)
Mensaje X / 00:09:47:050 / jour(02) / in /      6.00000 para p_j(03)
Mensaje X / 00:09:47:050 / jour(02) / in /      6.00000 para t_j(04)
Mensaje D / 00:09:47:050 / p_j(03) / 00:00:06:400 para jour(02)
Mensaje D / 00:09:47:050 / t_j(04) / 00:00:07:687 para jour(02)
Mensaje D / 00:09:47:050 / jour(02) / 00:00:06:400 para top(01)
Mensaje D / 00:09:47:050 / top(01) / 00:00:06:400 para Root(00)
Mensaje * / 00:09:53:450 / Root(00) para top(01)
Mensaje * / 00:09:53:450 / top(01) para jour(02)
Mensaje * / 00:09:53:450 / jour(02) para p_j(03)
Mensaje Y / 00:09:53:450 / p_j(03) / out /      6.00000 para jour(02)
Mensaje D / 00:09:53:450 / p_j(03) / ... para jour(02)
Mensaje Y / 00:09:53:450 / jour(02) / out /      6.00000 para top(01)
Mensaje D / 00:09:53:450 / jour(02) / 00:00:01:287 para top(01)
Mensaje Y / 00:09:53:450 / top(01) / out /      6.00000 para Root(00)
Mensaje D / 00:09:53:450 / top(01) / 00:00:01:287 para Root(00)
Mensaje * / 00:09:54:737 / Root(00) para top(01)
Mensaje * / 00:09:54:737 / top(01) para jour(02)
Mensaje * / 00:09:54:737 / jour(02) para t_j(04)
Mensaje Y / 00:09:54:737 / t_j(04) / out /      6.00000 para jour(02)
Mensaje D / 00:09:54:737 / t_j(04) / ... para jour(02)
Mensaje Y / 00:09:54:737 / jour(02) / out /      6.00000 para top(01)
Mensaje D / 00:09:54:737 / jour(02) / ... para top(01)
Mensaje Y / 00:09:54:737 / top(01) / out /      6.00000 para Root(00)
Mensaje D / 00:09:54:737 / top(01) / ... para Root(00)
