Mensaje I / 00:00:00:000 / Root(00) para top(01)
Mensaje I / 00:00:00:000 / top(01) para p_j(02)
Mensaje D / 00:00:00:000 / p_j(02) / ... para top(01)
Mensaje D / 00:00:00:000 / top(01) / ... para Root(00)
Mensaje X / 00:00:10:000 / Root(00) / in /      1.00000 para top(01)
Mensaje X / 00:00:10:000 / top(01) / in /      1.00000 para p_j(02)
Mensaje D / 00:00:10:000 / p_j(02) / 00:00:06:987 para top(01)
Mensaje D / 00:00:10:000 / top(01) / 00:00:06:987 para Root(00)
Mensaje * / 00:00:16:987 / Root(00) para top(01)
Mensaje * / 00:00:16:987 / top(01) para p_j(02)
Mensaje Y / 00:00:16:987 / p_j(02) / out /      1.00000 para top(01)
Mensaje D / 00:00:16:987 / p_j(02) / ... para top(01)
Mensaje Y / 00:00:16:987 / top(01) / out /      1.00000 para Root(00)
Mensaje D / 00:00:16:987 / top(01) / ... para Root(00)
Mensaje X / 00:00:46:010 / Root(00) / in /      2.00000 para top(01)
Mensaje X / 00:00:46:010 / top(01) / in /      2.00000 para p_j(02)
Mensaje D / 00:00:46:010 / p_j(02) / 00:00:05:796 para top(01)
Mensaje D / 00:00:46:010 / top(01) / 00:00:05:796 para Root(00)
Mensaje * / 00:00:51:806 / Root(00) para top(01)
Mensaje * / 00:00:51:806 / top(01) para p_j(02)
Mensaje Y / 00:00:51:806 / p_j(02) / out /      2.00000 para top(01)
Mensaje D / 00:00:51:806 / p_j(02) / ... para top(01)
Mensaje Y / 00:00:51:806 / top(01) / out /      2.00000 para Root(00)
Mensaje D / 00:00:51:806 / top(01) / ... para Root(00)
Mensaje X / 00:01:22:000 / Root(00) / in /      3.00000 para top(01)
Mensaje X / 00:01:22:000 / top(01) / in /      3.00000 para p_j(02)
Mensaje D / 00:01:22:000 / p_j(02) / 00:00:05:957 para top(01)
Mensaje D / 00:01:22:000 / top(01) / 00:00:05:957 para Root(00)
Mensaje * / 00:01:27:957 / Root(00) para top(01)
Mensaje * / 00:01:27:957 / top(01) para p_j(02)
Mensaje Y / 00:01:27:957 / p_j(02) / out /      3.00000 para top(01)
Mensaje D / 00:01:27:957 / p_j(02) / ... para top(01)
Mensaje Y / 00:01:27:957 / top(01) / out /      3.00000 para Root(00)
Mensaje D / 00:01:27:957 / top(01) / ... para Root(00)
Mensaje X / 00:03:28:030 / Root(00) / in /      4.00000 para top(01)
Mensaje X / 00:03:28:030 / top(01) / in /      4.00000 para p_j(02)
Mensaje D / 00:03:28:030 / p_j(02) / 00:00:07:035 para top(01)
Mensaje D / 00:03:28:030 / top(01) / 00:00:07:035 para Root(00)
Mensaje * / 00:03:35:065 / Root(00) para top(01)
Mensaje * / 00:03:35:065 / top(01) para p_j(02)
Mensaje Y / 00:03:35:065 / p_j(02) / out /      4.00000 para top(01)
Mensaje D / 00:03:35:065 / p_j(02) / ... para top(01)
Mensaje Y / 00:03:35:065 / top(01) / out /      4.00000 para Root(00)
Mensaje D / 00:03:35:065 / top(01) / ... para Root(00)
Mensaje X / 00:06:34:040 / Root(00) / in /      5.00000 para top(01)
Mensaje X / 00:06:34:040 / top(01) / in /      5.00000 para p_j(02)
Mensaje D / 00:06:34:040 / p_j(02) / 00:00:06:182 para top(01)
Mensaje D / 00:06:34:040 / top(01) / 00:00:06:182 para Root(00)
Mensaje * / 00:06:40:222 / Root(00) para top(01)
Mensaje * / 00:06:40:222 / top(01) para p_j(02)
Mensaje Y / 00:06:40:222 / p_j(02) / out /      5.00000 para top(01)
Mensaje D / 00:06:40:222 / p_j(02) / ... para top(01)
Mensaje Y / 00:06:40:222 / top(01) / out /      5.00000 para Root(00)
Mensaje D / 00:06:40:222 / top(01) / ... para Root(00)
Mensaje X / 00:09:47:050 / Root(00) / in /      6.00000 para top(01)
Mensaje X / 00:09:47:050 / top(01) / in /      6.00000 para p_j(02)
Mensaje D / 00:09:47:050 / p_j(02) / 00:00:07:160 para top(01)
Mensaje D / 00:09:47:050 / top(01) / 00:00:07:160 para Root(00)
Mensaje * / 00:09:54:210 / Root(00) para top(01)
Mensaje * / 00:09:54:210 / top(01) para p_j(02)
Mensaje Y / 00:09:54:210 / p_j(02) / out /      6.00000 para top(01)
Mensaje D / 00:09:54:210 / p_j(02) / ... para top(01)
Mensaje Y / 00:09:54:210 / top(01) / out /      6.00000 para Root(00)
Mensaje D / 00:09:54:210 / top(01) / ... para Root(00)
